<?xml version="1.0" encoding="UTF-8"?>
<testng-results ignored="0" total="1" passed="1" failed="0" skipped="0">
  <reporter-output>
  </reporter-output>
  <suite started-at="2023-04-19T17:33:03 IST" name="Default suite" finished-at="2023-04-19T17:33:07 IST" duration-ms="4290">
    <groups>
    </groups>
    <test started-at="2023-04-19T17:33:03 IST" name="Default test" finished-at="2023-04-19T17:33:07 IST" duration-ms="4290">
      <class name="shopper.profile.SetUserPasswordTest">
        <test-method signature="set()[pri:0, instance:shopper.profile.SetUserPasswordTest@b62d79]" started-at="2023-04-19T17:33:03 IST" name="set" finished-at="2023-04-19T17:33:07 IST" duration-ms="4236" status="PASS">
          <reporter-output>
          </reporter-output>
        </test-method> <!-- set -->
      </class> <!-- shopper.profile.SetUserPasswordTest -->
    </test> <!-- Default test -->
  </suite> <!-- Default suite -->
</testng-results>
